<?xml version="1.0" encoding="UTF-8"?>
<testng-results ignored="0" total="1" passed="1" failed="0" skipped="0">
  <reporter-output>
  </reporter-output>
  <suite started-at="2025-06-05T23:08:04 IST" name="Default suite" finished-at="2025-06-05T23:08:04 IST" duration-ms="71">
    <groups>
    </groups>
    <test started-at="2025-06-05T23:08:04 IST" name="Default test" finished-at="2025-06-05T23:08:04 IST" duration-ms="71">
      <class name="assignments.Assignment_20">
        <test-method signature="test()[pri:0, instance:assignments.Assignment_20@2767e23c]" started-at="2025-06-05T23:08:04 IST" name="test" finished-at="2025-06-05T23:08:04 IST" duration-ms="13" status="PASS">
          <reporter-output>
          </reporter-output>
        </test-method> <!-- test -->
      </class> <!-- assignments.Assignment_20 -->
    </test> <!-- Default test -->
  </suite> <!-- Default suite -->
</testng-results>
